Base path: /Applications/Unity/Hub/Editor/2018.4.8f1/Unity.app/Contents
Cmd: initializeCompiler
Cmd: translateComputeKernel
  api=14 insize=2129 outsize=3889 ok=1
Cmd: translateComputeKernel
  api=14 insize=1357 outsize=1453 ok=1
Cmd: compileComputeKernel
  api=14 insize=3070 outsize=48849 ok=1
Cmd: translateComputeKernel
  api=14 insize=48469 outsize=85357 ok=1
Cmd: compileComputeKernel
  api=14 insize=10881 outsize=10709 ok=1
Cmd: translateComputeKernel
  api=14 insize=11453 outsize=22673 ok=1
Cmd: compileComputeKernel
  api=14 insize=4855 outsize=7329 ok=1
Cmd: translateComputeKernel
  api=14 insize=5805 outsize=8421 ok=1
Cmd: compileComputeKernel
  api=14 insize=3396 outsize=3445 ok=1
Cmd: translateComputeKernel
  api=14 insize=3265 outsize=5365 ok=1
Cmd: compileComputeKernel
  api=14 insize=18299 outsize=9637 ok=1
Cmd: compileComputeKernel
  api=14 insize=18299 outsize=9953 ok=1
Cmd: compileComputeKernel
  api=14 insize=18299 outsize=11797 ok=1
Cmd: translateComputeKernel
  api=14 insize=9533 outsize=16357 ok=1
Cmd: translateComputeKernel
  api=14 insize=11321 outsize=24805 ok=1
Cmd: compileComputeKernel
  api=14 insize=5435 outsize=7001 ok=1
Cmd: translateComputeKernel
  api=14 insize=7001 outsize=13529 ok=1
Cmd: compileComputeKernel
  api=14 insize=1806 outsize=2001 ok=1
Cmd: compileComputeKernel
  api=14 insize=1454 outsize=1193 ok=1
Cmd: translateComputeKernel
  api=14 insize=1193 outsize=1313 ok=1
Cmd: translateComputeKernel
  api=14 insize=1505 outsize=2273 ok=1

Quitting shader compiler process
